<?xml version="1.0" encoding="UTF-8"?>
<!-- Generated by org.testng.reporters.JUnitReportReporter -->
<testsuite hostname="DESKTOP-L93P92C" failures="0" tests="6" name="N26Task.SmokePetstore.smokeTestSuite" time="1.986" errors="0" timestamp="2021-03-10T11:21:29 PKT" skipped="0">
  <testcase classname="N26Task.SmokePetstore.smokeTestSuite" name="AddPet" time="1.436"/>
  <system-out/>
  <testcase classname="N26Task.SmokePetstore.smokeTestSuite" name="FindPet" time="0.044"/>
  <system-out/>
  <testcase classname="N26Task.SmokePetstore.smokeTestSuite" name="UpdatePet" time="0.038"/>
  <system-out/>
  <testcase classname="N26Task.SmokePetstore.smokeTestSuite" name="VerifyPetUpdate" time="0.416"/>
  <system-out/>
  <testcase classname="N26Task.SmokePetstore.smokeTestSuite" name="DeletePet" time="0.022"/>
  <system-out/>
  <testcase classname="N26Task.SmokePetstore.smokeTestSuite" name="VerifyPetDelete" time="0.030"/>
  <system-out/>
</testsuite> <!-- N26Task.SmokePetstore.smokeTestSuite -->
